<?xml version="1.0" encoding="UTF-8"?>
<!-- Generated by org.testng.reporters.JUnitReportReporter -->
<testsuite hostname="192-168-1-100.tpgi.com.au" failures="0" tests="1" name="com.ecommerce.tests.HomePageTest" time="123.108" errors="0" timestamp="2025-03-02T22:36:47 AEST" skipped="0">
  <testcase classname="com.ecommerce.tests.HomePageTest" name="verifyHeaderNavigationLinks" time="123.108"/>
  <system-out/>
</testsuite> <!-- com.ecommerce.tests.HomePageTest -->
