<?xml version="1.0" encoding="UTF-8"?>
<!-- Generated by org.testng.reporters.JUnitReportReporter -->
<testsuite hostname="192-168-1-109.tpgi.com.au" failures="0" tests="6" name="com.ecommerce.tests.LoginTest" time="225.311" errors="0" timestamp="2025-03-25T12:47:41 AEST" skipped="0">
  <testcase classname="com.ecommerce.tests.LoginTest" name="testValidLogin" time="39.733"/>
  <system-out/>
  <testcase classname="com.ecommerce.tests.LoginTest" name="testValidLogin" time="35.478"/>
  <system-out/>
  <testcase classname="com.ecommerce.tests.LoginTest" name="testValidLogin" time="45.810"/>
  <system-out/>
  <testcase classname="com.ecommerce.tests.LoginTest" name="testValidLogin" time="33.230"/>
  <system-out/>
  <testcase classname="com.ecommerce.tests.LoginTest" name="testValidLogin" time="32.827"/>
  <system-out/>
  <testcase classname="com.ecommerce.tests.LoginTest" name="testValidLogin" time="38.233"/>
  <system-out/>
</testsuite> <!-- com.ecommerce.tests.LoginTest -->
