<?xml version="1.0" encoding="UTF-8"?>
<!-- Generated by org.testng.reporters.JUnitReportReporter -->
<testsuite hostname="192-168-1-100.tpgi.com.au" failures="0" tests="4" name="com.ecommerce.tests.HomePageTest" time="348.477" errors="0" timestamp="2025-03-03T07:06:36 AEST" skipped="0">
  <testcase classname="com.ecommerce.tests.HomePageTest" name="verifyHomePageTitle" time="26.367"/>
  <system-out/>
  <testcase classname="com.ecommerce.tests.HomePageTest" name="verifyHomePageLogo" time="30.546"/>
  <system-out/>
  <testcase classname="com.ecommerce.tests.HomePageTest" name="verifyHeaderNavigationLinks" time="228.759"/>
  <system-out/>
  <testcase classname="com.ecommerce.tests.HomePageTest" name="verifySubscriptionFeature" time="62.805"/>
  <system-out/>
</testsuite> <!-- com.ecommerce.tests.HomePageTest -->
