<?xml version="1.0" encoding="UTF-8"?>
<!-- Generated by org.testng.reporters.JUnitReportReporter -->
<testsuite hostname="192-168-1-100.tpgi.com.au" failures="0" tests="2" name="com.ecommerce.tests.LoginTest" time="74.432" errors="0" timestamp="2025-03-03T08:35:52 AEST" skipped="0">
  <testcase classname="com.ecommerce.tests.LoginTest" name="testInvalidLogin" time="38.704"/>
  <system-out/>
  <testcase classname="com.ecommerce.tests.LoginTest" name="testInvalidLogin" time="35.728"/>
  <system-out/>
</testsuite> <!-- com.ecommerce.tests.LoginTest -->
